2013-04-12 09:16:23,021 - [INFO] - from play in main 
Listening for HTTP on /0:0:0:0:0:0:0:0:9000

2013-04-12 09:16:35,906 - [INFO] - from play in New I/O  worker #1 
database [default] connected at jdbc:h2:mem:play

2013-04-12 09:16:36,035 - [INFO] - from play in New I/O  worker #1 
Application started (Dev)

2013-04-12 09:17:26,934 - [INFO] - from play in New I/O  worker #1 
database [default] connected at jdbc:h2:mem:play

2013-04-12 09:17:26,943 - [INFO] - from play in New I/O  worker #1 
Application started (Dev)

2013-04-12 15:31:40,130 - [INFO] - from play in New I/O  worker #3 
database [default] connected at jdbc:h2:mem:play

2013-04-12 15:31:40,260 - [INFO] - from play in New I/O  worker #3 
Application started (Dev)

2013-04-12 15:54:37,877 - [INFO] - from play in New I/O  worker #2 
database [default] connected at jdbc:h2:mem:play

2013-04-12 15:54:37,897 - [INFO] - from play in New I/O  worker #2 
Application started (Dev)

2013-04-12 15:56:05,155 - [INFO] - from play in New I/O  worker #8 
database [default] connected at jdbc:h2:mem:play

2013-04-12 15:56:05,170 - [INFO] - from play in New I/O  worker #8 
Application started (Dev)

2013-04-12 15:58:10,696 - [INFO] - from play in New I/O  worker #1 
database [default] connected at jdbc:h2:mem:play

2013-04-12 15:58:10,703 - [INFO] - from play in New I/O  worker #1 
Application started (Dev)

2013-04-12 16:07:52,952 - [INFO] - from play in New I/O  worker #1 
database [default] connected at jdbc:h2:mem:play

2013-04-12 16:07:52,960 - [INFO] - from play in New I/O  worker #1 
Application started (Dev)

2013-04-12 16:25:39,636 - [INFO] - from play in New I/O  worker #6 
database [default] connected at jdbc:h2:mem:play

2013-04-12 16:25:39,648 - [INFO] - from play in New I/O  worker #6 
Application started (Dev)

2013-04-12 16:46:47,735 - [INFO] - from play in New I/O  worker #5 
database [default] connected at jdbc:h2:mem:play

2013-04-12 16:46:47,749 - [INFO] - from play in New I/O  worker #5 
Application started (Dev)

2013-04-12 16:47:54,254 - [INFO] - from play in New I/O  worker #4 
database [default] connected at jdbc:h2:mem:play

2013-04-12 16:47:54,261 - [INFO] - from play in New I/O  worker #4 
Application started (Dev)

2013-04-12 16:48:20,724 - [INFO] - from play in New I/O  worker #4 
database [default] connected at jdbc:h2:mem:play

2013-04-12 16:48:20,730 - [INFO] - from play in New I/O  worker #4 
Application started (Dev)

2013-04-12 17:01:36,313 - [INFO] - from play in New I/O  worker #6 
database [default] connected at jdbc:h2:mem:play

2013-04-12 17:01:36,320 - [INFO] - from play in New I/O  worker #6 
Application started (Dev)

2013-04-12 18:13:27,057 - [INFO] - from play in New I/O  worker #2 
database [default] connected at jdbc:h2:mem:play

2013-04-12 18:13:27,063 - [INFO] - from play in New I/O  worker #2 
Application started (Dev)

